----------------------------
Time: 2017-04-20 16:30:40
ERROR: [Errno 10061] 
Position:   File "E:\mypython\ranran\lib\rsocket.py", line 44, in send
    log.error(e)
----------------------------

----------------------------
Time: 2017-04-21 14:21:47
ERROR: [Errno 10061] 
Position:   File "E:\mypython\ranran\lib\rsocket.py", line 45, in send
    log.error(e)
----------------------------

----------------------------
Time: 2017-04-21 14:22:01
ERROR: [Errno 10061] 
Position:   File "E:\mypython\ranran\lib\rsocket.py", line 45, in send
    log.error(e)
----------------------------

----------------------------
Time: 2017-04-21 14:22:32
ERROR: [Errno 10061] 
Position:   File "E:\mypython\ranran\lib\rsocket.py", line 45, in send
    log.error(e)
----------------------------

----------------------------
Time: 2017-04-21 14:23:13
ERROR: [Errno 10061] 
Position:   File "E:\mypython\ranran\lib\rsocket.py", line 45, in send
    log.error(e)
----------------------------

----------------------------
Time: 2017-04-21 14:23:35
ERROR: [Errno 10061] 
Position:   File "E:\mypython\ranran\lib\rsocket.py", line 46, in send
    log.error(e)
----------------------------

----------------------------
Time: 2017-04-21 14:24:36
ERROR: [Errno 10061] 
Position:   File "E:\mypython\ranran\lib\rsocket.py", line 45, in send
    log.error(e)
----------------------------

----------------------------
Time: 2017-04-21 14:56:46
ERROR: [Errno 10061] 
Position:   File "E:\mypython\ranran\lib\rsocket.py", line 45, in send
    log.error(e)
----------------------------

