shy
shy
shy
shy
shyshyshyshyshy----------------------------
Time: 2017-04-20 15:59:37
Action: start socket...
----------------------------

----------------------------
Time: 2017-04-20 15:59:40
Action: start socket...
----------------------------

----------------------------
Time: 2017-04-21 16:23:53
Action: Starting RanRan Framework
----------------------------

----------------------------
Time: 2017-04-21 16:24:09
Action: Starting RanRan Framework
----------------------------

----------------------------
Time: 2017-04-21 16:25:04
Action: Starting RanRan Framework
----------------------------

----------------------------
Time: 2017-04-21 16:25:40
Action: Starting RanRan Framework
----------------------------

----------------------------
Time: 2017-04-21 16:25:44
Action: Starting RanRan Framework
----------------------------

----------------------------
Time: 2017-04-21 16:27:26
Action: Starting RanRan Framework
----------------------------

